<?xml version="1.0" encoding="UTF-8"?>
<!-- Generated by org.testng.reporters.JUnitXMLReporter -->
<testsuite ignored="0" hostname="DESKTOP-VV2S25H" failures="2" tests="4" name="Test" time="87.319" errors="0" timestamp="2022-09-17T12:34:31 IST">
  <testcase classname="orangehrmproject.testcases.TC_LoginDataDriven" name="loginDDT" time="3.563">
    <failure type="java.lang.AssertionError" message="expected [true] but found [false]">
      <![CDATA[java.lang.AssertionError: expected [true] but found [false]
at orangehrmproject.testcases.TC_LoginDataDriven.loginDDT(TC_LoginDataDriven.java:23)
at java.base/java.util.ArrayList.forEach(ArrayList.java:1511)
... Removed 31 stack frames]]>
    </failure>
  </testcase> <!-- loginDDT -->
  <testcase classname="orangehrmproject.testcases.TC_LoginDataDriven" name="loginDDT" time="5.69"/>
  <testcase classname="orangehrmproject.testcases.TC_LoginDataDriven" name="loginDDT" time="5.068"/>
  <testcase classname="orangehrmproject.testcases.TC_LoginDataDriven" name="loginDDT" time="4.526">
    <failure type="java.lang.AssertionError" message="expected [true] but found [false]">
      <![CDATA[java.lang.AssertionError: expected [true] but found [false]
at orangehrmproject.testcases.TC_LoginDataDriven.loginDDT(TC_LoginDataDriven.java:23)
at java.base/java.util.ArrayList.forEach(ArrayList.java:1511)
... Removed 31 stack frames]]>
    </failure>
  </testcase> <!-- loginDDT -->
</testsuite> <!-- Test -->
